<?xml version="1.0" encoding="UTF-8"?>
<!-- Generated by org.testng.reporters.JUnitReportReporter -->
<testsuite hostname="LAPTOP-NO7ESUVE" failures="0" tests="1" name="com.training.testcases.loginTest" time="9.515" errors="0" timestamp="2024-04-16T17:43:20 EDT" skipped="0">
  <testcase classname="com.training.testcases.loginTest" name="InvalidLogin" time="9.515"/>
  <system-out/>
</testsuite> <!-- com.training.testcases.loginTest -->
