<?xml version="1.0" encoding="UTF-8"?>
<!-- Generated by org.testng.reporters.JUnitReportReporter -->
<testsuite hostname="LAPTOP-NO7ESUVE" failures="0" tests="1" name="com.training.testcases.HomeTest" time="4.615" errors="0" timestamp="2024-03-26T22:08:41 EDT" skipped="0">
  <testcase classname="com.training.testcases.HomeTest" name="hometab" time="4.615"/>
  <system-out/>
</testsuite> <!-- com.training.testcases.HomeTest -->
