<?xml version="1.0" encoding="UTF-8"?>
<!-- Generated by org.testng.reporters.JUnitReportReporter -->
<testsuite hostname="LAPTOP-NO7ESUVE" failures="0" tests="2" name="com.training.testcases.loginTest" time="14.277" errors="0" timestamp="2024-04-16T18:17:03 EDT" skipped="0">
  <testcase classname="com.training.testcases.loginTest" name="InvalidLogin" time="9.144"/>
  <system-out/>
  <testcase classname="com.training.testcases.loginTest" name="Login" time="5.133"/>
  <system-out/>
</testsuite> <!-- com.training.testcases.loginTest -->
